<?xml version="1.0" encoding="UTF-8"?>
<!-- Generated by org.testng.reporters.JUnitXMLReporter -->
<testsuite ignored="0" hostname="DESKTOP-M8FO46N" failures="0" tests="31" name="Login" time="151.125" errors="0" timestamp="2021-02-01T14:36:52 CET">
  <testcase classname="megaMenu.Menu" name="eleminateCookies" time="4.289"/>
  <testcase classname="megaMenu.Menu" name="checkMegaMenu" time="0.497"/>
  <testcase classname="megaMenu.Menu" name="checkTeflMenu" time="0.362"/>
  <testcase classname="megaMenu.Menu" name="checkSubMenuTeflCertifications" time="3.934"/>
  <testcase classname="megaMenu.Menu" name="checkCoursesMenu" time="3.486"/>
  <testcase classname="megaMenu.Menu" name="quitDriver" time="0.202"/>
  <testcase classname="registration.CorrectRegister" name="setUpDriver" time="11.158"/>
  <testcase classname="registration.CorrectRegister" name="UserFillsTheFormToRegister" time="4.136"/>
  <testcase classname="registration.CorrectRegister" name="assertWindowTitle" time="5.402"/>
  <testcase classname="registration.CorrectRegister" name="userFillsWelcomeForm" time="1.64"/>
  <testcase classname="registration.CorrectRegister" name="userFillsInteresForm" time="2.986"/>
  <testcase classname="registration.CorrectRegister" name="userFillsPersonalInformation" time="5.595"/>
  <testcase classname="registration.CorrectRegister" name="education" time="1.423"/>
  <testcase classname="registration.CorrectRegister" name="experience" time="1.873"/>
  <testcase classname="registration.CorrectRegister" name="userClicksTeacherProfile" time="15.819"/>
  <testcase classname="registration.CorrectRegister" name="quitDriver" time="0.206"/>
  <testcase classname="loginFeature.CorrectLogin" name="setUpDriver" time="11.2"/>
  <testcase classname="loginFeature.CorrectLogin" name="eleminateCookies" time="4.599"/>
  <testcase classname="loginFeature.CorrectLogin" name="correctLogin" time="2.636"/>
  <testcase classname="loginFeature.CorrectLogin" name="logOut" time="15.368"/>
  <testcase classname="loginFeature.CorrectLogin" name="quitDriver" time="0.227"/>
  <testcase classname="loginFeature.IncorrectPassword" name="setUpDriver1" time="11.11"/>
  <testcase classname="loginFeature.IncorrectPassword" name="eleminateCookies1" time="4.534"/>
  <testcase classname="loginFeature.IncorrectPassword" name="IncorrectLogin" time="3.59"/>
  <testcase classname="loginFeature.IncorrectPassword" name="getError" time="1.24"/>
  <testcase classname="loginFeature.IncorrectPassword" name="quitDriver" time="0.206"/>
  <testcase classname="loginFeature.IncorrectEmail" name="setUpDriver" time="11.359"/>
  <testcase classname="loginFeature.IncorrectEmail" name="eleminateCookies" time="4.189"/>
  <testcase classname="loginFeature.IncorrectEmail" name="IncorrectLogin" time="3.34"/>
  <testcase classname="loginFeature.IncorrectEmail" name="getError" time="1.834"/>
  <testcase classname="loginFeature.IncorrectEmail" name="quitDriver" time="0.166"/>
</testsuite> <!-- Login -->
