<?xml version="1.0" encoding="UTF-8"?>
<!-- Generated by org.testng.reporters.JUnitXMLReporter -->
<testsuite ignored="0" hostname="DESKTOP-M8FO46N" failures="0" tests="6" name="Menu" time="32.017" errors="0" timestamp="2021-01-31T21:56:10 CET">
  <testcase classname="megaMenu.Menu" name="eleminateCookies" time="4.496"/>
  <testcase classname="megaMenu.Menu" name="checkMegaMenu" time="0.762"/>
  <testcase classname="megaMenu.Menu" name="checkTeflMenu" time="0.52"/>
  <testcase classname="megaMenu.Menu" name="checkSubMenuTeflCertifications" time="4.143"/>
  <testcase classname="megaMenu.Menu" name="checkCoursesMenu" time="3.584"/>
  <testcase classname="megaMenu.Menu" name="checkJobsMenu" time="5.431"/>
</testsuite> <!-- Menu -->
