<?xml version="1.0" encoding="UTF-8"?>
<!-- Generated by org.testng.reporters.JUnitXMLReporter -->
<testsuite ignored="0" hostname="DESKTOP-M8FO46N" failures="0" tests="6" name="Menu" time="32.928" errors="0" timestamp="2021-01-31T21:53:23 CET">
  <testcase classname="megaMenu.Menu" name="eleminateCookies" time="5.683"/>
  <testcase classname="megaMenu.Menu" name="checkMegaMenu" time="0.642"/>
  <testcase classname="megaMenu.Menu" name="checkTeflMenu" time="0.408"/>
  <testcase classname="megaMenu.Menu" name="checkSubMenuTeflCertifications" time="4.158"/>
  <testcase classname="megaMenu.Menu" name="checkCoursesMenu" time="3.936"/>
  <testcase classname="megaMenu.Menu" name="checkJobsMenu" time="5.271"/>
</testsuite> <!-- Menu -->
