<?xml version="1.0" encoding="UTF-8"?>
<!-- Generated by org.testng.reporters.JUnitXMLReporter -->
<testsuite ignored="0" hostname="DESKTOP-M8FO46N" failures="0" tests="6" name="Default test" time="25.834" errors="0" timestamp="2021-02-01T14:33:49 CET">
  <testcase classname="megaMenu.Menu" name="eleminateCookies" time="3.56"/>
  <testcase classname="megaMenu.Menu" name="checkMegaMenu" time="0.52"/>
  <testcase classname="megaMenu.Menu" name="checkTeflMenu" time="0.394"/>
  <testcase classname="megaMenu.Menu" name="checkSubMenuTeflCertifications" time="3.53"/>
  <testcase classname="megaMenu.Menu" name="checkCoursesMenu" time="4.222"/>
  <testcase classname="megaMenu.Menu" name="quitDriver" time="0.199"/>
</testsuite> <!-- Default test -->
